This file contains any messages produced by compilers while
running configure, to aid debugging if configure makes a mistake.

It was created by configure, which was
generated by GNU Autoconf 2.52.  Invocation command line was

  $ ./configure --prefix=/home2/ascriven/src/fcgi

## ---------- ##
## Platform.  ##
## ---------- ##

hostname = box991.bluehost.com
uname -m = x86_64
uname -r = 3.12.26.1408748414
uname -s = Linux
uname -v = #1 SMP Fri Aug 22 18:03:32 CDT 2014

/usr/bin/uname -p = x86_64
/bin/uname -X     = unknown

/bin/arch              = x86_64
/usr/bin/arch -k       = unknown
/usr/convex/getsysinfo = unknown
hostinfo               = unknown
/bin/machine           = unknown
/usr/bin/oslevel       = unknown
/bin/universe          = unknown

PATH = /usr/local/jdk/bin:/usr/lib64/qt-3.3/bin:/home2/ascriven/perl5/bin:/ramdisk/php/54/bin:/usr/php/54/usr/bin:/usr/bin:/bin:/usr/local/sbin:/usr/sbin:/sbin:/usr/local/bin:/usr/X11R6/bin:/home2/ascriven/bin

## ------------ ##
## Core tests.  ##
## ------------ ##

configure:1135: PATH=".;."; conftest.sh
./configure: line 1136: conftest.sh: command not found
configure:1138: $? = 127
configure:1184: checking for a BSD compatible install
configure:1233: result: /usr/bin/install -c
configure:1244: checking whether build environment is sane
configure:1287: result: yes
configure:1320: checking for mawk
configure:1346: result: no
configure:1320: checking for gawk
configure:1335: found /usr/bin/gawk
configure:1343: result: gawk
configure:1353: checking whether make sets ${MAKE}
configure:1373: result: yes
configure:1507: checking for gcc
configure:1522: found /usr/bin/gcc
configure:1530: result: gcc
configure:1758: checking for C compiler version
configure:1761: gcc --version </dev/null >&5
gcc (GCC) 4.4.7 20120313 (Red Hat 4.4.7-4)
Copyright (C) 2010 Free Software Foundation, Inc.
This is free software; see the source for copying conditions.  There is NO
warranty; not even for MERCHANTABILITY or FITNESS FOR A PARTICULAR PURPOSE.

configure:1764: $? = 0
configure:1766: gcc -v </dev/null >&5
Using built-in specs.
Target: x86_64-redhat-linux
Configured with: ../configure --prefix=/usr --mandir=/usr/share/man --infodir=/usr/share/info --with-bugurl=http://bugzilla.redhat.com/bugzilla --enable-bootstrap --enable-shared --enable-threads=posix --enable-checking=release --with-system-zlib --enable-__cxa_atexit --disable-libunwind-exceptions --enable-gnu-unique-object --enable-languages=c,c++,objc,obj-c++,java,fortran,ada --enable-java-awt=gtk --disable-dssi --with-java-home=/usr/lib/jvm/java-1.5.0-gcj-1.5.0.0/jre --enable-libgcj-multifile --enable-java-maintainer-mode --with-ecj-jar=/usr/share/java/eclipse-ecj.jar --disable-libjava-multilib --with-ppl --with-cloog --with-tune=generic --with-arch_32=i686 --build=x86_64-redhat-linux
Thread model: posix
gcc version 4.4.7 20120313 (Red Hat 4.4.7-4) (GCC) 
configure:1769: $? = 0
configure:1771: gcc -V </dev/null >&5
gcc: '-V' option must have argument
configure:1774: $? = 1
configure:1794: checking for C compiler default output
configure:1797: gcc    conftest.c  >&5
configure:1800: $? = 0
configure:1829: result: a.out
configure:1834: checking whether the C compiler works
configure:1840: ./a.out
configure:1843: $? = 0
configure:1858: result: yes
configure:1865: checking whether we are cross compiling
configure:1867: result: no
configure:1870: checking for executable suffix
configure:1872: gcc -o conftest    conftest.c  >&5
configure:1875: $? = 0
configure:1897: result: 
configure:1903: checking for object suffix
configure:1921: gcc -c   conftest.c >&5
configure:1924: $? = 0
configure:1943: result: o
configure:1947: checking whether we are using the GNU C compiler
configure:1968: gcc -c   conftest.c >&5
configure:1971: $? = 0
configure:1974: test -s conftest.o
configure:1977: $? = 0
configure:1989: result: yes
configure:1995: checking whether gcc accepts -g
configure:2013: gcc -c -g  conftest.c >&5
configure:2016: $? = 0
configure:2019: test -s conftest.o
configure:2022: $? = 0
configure:2032: result: yes
configure:2059: gcc -c -g -O2  conftest.c >&5
conftest.c:2: error: expected '=', ',', ';', 'asm' or '__attribute__' before 'me'
configure:2062: $? = 1
configure: failed program was:
#ifndef __cplusplus
  choke me
#endif
configure:2168: checking for style of include used by make
configure:2195: result: GNU
configure:2201: checking dependency style of gcc
configure:2263: result: gcc3
configure:2272: checking how to run the C preprocessor
configure:2298: gcc -E  conftest.c
configure:2304: $? = 0
configure:2331: gcc -E  conftest.c
configure:2328:28: error: ac_nonexistent.h: No such file or directory
configure:2337: $? = 1
configure: failed program was:
#line 2327 "configure"
#include "confdefs.h"
#include <ac_nonexistent.h>
configure:2374: result: gcc -E
configure:2389: gcc -E  conftest.c
configure:2395: $? = 0
configure:2422: gcc -E  conftest.c
configure:2419:28: error: ac_nonexistent.h: No such file or directory
configure:2428: $? = 1
configure: failed program was:
#line 2418 "configure"
#include "confdefs.h"
#include <ac_nonexistent.h>
configure:2479: checking for a BSD compatible install
configure:2528: result: /usr/bin/install -c
configure:2611: checking build system type
configure:2629: result: x86_64-unknown-linux-gnu
configure:2636: checking host system type
configure:2650: result: x86_64-unknown-linux-gnu
configure:2678: checking for ld used by GCC
configure:2741: result: /usr/bin/ld
configure:2750: checking if the linker (/usr/bin/ld) is GNU ld
GNU ld version 2.20.51.0.2-5.36.el6 20100205
configure:2762: result: yes
configure:2766: checking for /usr/bin/ld option to reload object files
configure:2773: result: -r
configure:2778: checking for BSD-compatible nm
configure:2814: result: /usr/bin/nm -B
configure:2817: checking whether ln -s works
configure:2821: result: yes
configure:2828: checking how to recognise dependant libraries
configure:3006: result: file_magic ELF [0-9][0-9]*-bit [LM]SB (shared object|dynamic lib )
configure:3012: checking command to parse /usr/bin/nm -B output
configure:3093: gcc -c -g -O2  conftest.c >&5
configure:3096: $? = 0
configure:3100: /usr/bin/nm -B conftest.o \| sed -n -e 's/^.*[ 	]\([ABCDGISTW][ABCDGISTW]*\)[ 	][ 	]*\(\)\([_A-Za-z][_A-Za-z0-9]*\)$/\1 \2\3 \3/p' \> conftest.nm
configure:3103: $? = 0
configure:3155: gcc -o conftest -g -O2   conftest.c conftstm.o >&5
configure:3158: $? = 0
configure:3202: result: ok
configure:3209: checking for dlfcn.h
configure:3219: gcc -E  conftest.c
configure:3225: $? = 0
configure:3244: result: yes
configure:3258: checking for file
configure:3313: result: /usr/bin/file
configure:3431: checking for ranlib
configure:3446: found /usr/bin/ranlib
configure:3455: result: ranlib
configure:3505: checking for strip
configure:3520: found /usr/bin/strip
configure:3529: result: strip
configure:3731: checking for objdir
configure:3742: result: .libs
configure:3757: checking for gcc option to produce PIC
configure:3907: result: -fPIC
configure:3911: checking if gcc PIC flag -fPIC works
configure:3931: gcc -c -g -O2 -fPIC -DPIC  conftest.c >&5
configure:3934: $? = 0
configure:3937: test -s conftest.o
configure:3940: $? = 0
configure:3976: result: yes
configure:3992: checking if gcc static flag -static works
configure:4013: gcc -o conftest -g -O2   -static conftest.c  >&5
configure:4016: $? = 0
configure:4019: test -s conftest
configure:4022: $? = 0
configure:4036: result: yes
configure:4047: checking if gcc supports -c -o file.o
configure:4067: gcc -c -g -O2 -o out/conftest2.o  conftest.c >&5
configure:4091: result: yes
configure:4096: checking if gcc supports -c -o file.lo
configure:4120: gcc -c -g -O2 -c -o conftest.lo  conftest.c >&5
configure:4123: $? = 0
configure:4126: test -s conftest.lo
configure:4129: $? = 0
configure:4150: result: yes
configure:4181: checking if gcc supports -fno-rtti -fno-exceptions
configure:4200: gcc -c -g -O2 -fno-rtti -fno-exceptions -c conftest.c  conftest.c >&5
cc1: warning: command line option "-fno-rtti" is valid for C++/ObjC++ but not for C
cc1: warning: command line option "-fno-rtti" is valid for C++/ObjC++ but not for C
configure:4203: $? = 0
configure:4206: test -s conftest.o
configure:4209: $? = 0
configure:4225: result: yes
configure:4236: checking whether the linker (/usr/bin/ld) supports shared libraries
configure:4916: result: yes
configure:4921: checking how to hardcode library paths into programs
configure:4945: result: immediate
configure:4950: checking whether stripping libraries is possible
configure:4955: result: yes
configure:4966: checking dynamic linker characteristics
configure:5359: result: GNU/Linux ld.so
configure:5364: checking if libtool supports shared libraries
configure:5366: result: yes
configure:5369: checking whether to build shared libraries
configure:5390: result: yes
configure:5393: checking whether to build static libraries
configure:5397: result: yes
configure:6015: checking whether -lc should be explicitly linked in
configure:6023: gcc -c -g -O2  conftest.c >&5
configure:6026: $? = 0
configure:6040: gcc -shared conftest.o  -v -Wl,-soname -Wl,conftest -o conftest 2\>\&1 \| grep  -lc  \>/dev/null 2\>\&1
configure:6043: $? = 0
configure:6056: result: no
configure:6670: checking for g++
configure:6685: found /usr/bin/g++
configure:6693: result: g++
configure:6708: checking for C++ compiler version
configure:6711: g++ --version </dev/null >&5
g++ (GCC) 4.4.7 20120313 (Red Hat 4.4.7-4)
Copyright (C) 2010 Free Software Foundation, Inc.
This is free software; see the source for copying conditions.  There is NO
warranty; not even for MERCHANTABILITY or FITNESS FOR A PARTICULAR PURPOSE.

configure:6714: $? = 0
configure:6716: g++ -v </dev/null >&5
Using built-in specs.
Target: x86_64-redhat-linux
Configured with: ../configure --prefix=/usr --mandir=/usr/share/man --infodir=/usr/share/info --with-bugurl=http://bugzilla.redhat.com/bugzilla --enable-bootstrap --enable-shared --enable-threads=posix --enable-checking=release --with-system-zlib --enable-__cxa_atexit --disable-libunwind-exceptions --enable-gnu-unique-object --enable-languages=c,c++,objc,obj-c++,java,fortran,ada --enable-java-awt=gtk --disable-dssi --with-java-home=/usr/lib/jvm/java-1.5.0-gcj-1.5.0.0/jre --enable-libgcj-multifile --enable-java-maintainer-mode --with-ecj-jar=/usr/share/java/eclipse-ecj.jar --disable-libjava-multilib --with-ppl --with-cloog --with-tune=generic --with-arch_32=i686 --build=x86_64-redhat-linux
Thread model: posix
gcc version 4.4.7 20120313 (Red Hat 4.4.7-4) (GCC) 
configure:6719: $? = 0
configure:6721: g++ -V </dev/null >&5
g++: '-V' option must have argument
configure:6724: $? = 1
configure:6727: checking whether we are using the GNU C++ compiler
configure:6748: g++ -c   conftest.cc >&5
configure:6751: $? = 0
configure:6754: test -s conftest.o
configure:6757: $? = 0
configure:6769: result: yes
configure:6775: checking whether g++ accepts -g
configure:6793: g++ -c -g  conftest.cc >&5
configure:6796: $? = 0
configure:6799: test -s conftest.o
configure:6802: $? = 0
configure:6812: result: yes
configure:6852: g++ -c -g -O2  conftest.cc >&5
configure:6855: $? = 0
configure:6858: test -s conftest.o
configure:6861: $? = 0
configure:6883: g++ -c -g -O2  conftest.cc >&5
configure: In function 'int main()':
configure:6876: error: 'exit' was not declared in this scope
configure:6886: $? = 1
configure: failed program was:
#line 6871 "configure"
#include "confdefs.h"

int
main ()
{
exit (42);
  ;
  return 0;
}
configure:6852: g++ -c -g -O2  conftest.cc >&5
configure:6855: $? = 0
configure:6858: test -s conftest.o
configure:6861: $? = 0
configure:6883: g++ -c -g -O2  conftest.cc >&5
configure:6886: $? = 0
configure:6889: test -s conftest.o
configure:6892: $? = 0
configure:6916: checking dependency style of g++
configure:6978: result: gcc3
configure:6982: checking whether g++ works
configure:7003: g++ -c -g -O2  conftest.cc >&5
configure:6992:22: error: iostream.h: No such file or directory
configure: In function 'int main()':
configure:6996: error: 'istream' was not declared in this scope
configure:6996: error: expected ';' before 'is'
configure:7006: $? = 1
configure: failed program was:
#line 6991 "configure"
#include "confdefs.h"
#include <iostream.h>
int
main ()
{
istream is(NULL);
  ;
  return 0;
}
configure:7020: result: no
configure:7035: checking for main in -lnsl
configure:7055: gcc -o conftest -g -O2   conftest.c -lnsl   >&5
configure:7058: $? = 0
configure:7061: test -s conftest
configure:7064: $? = 0
configure:7075: result: yes
configure:7087: checking for main in -lresolv
configure:7107: gcc -o conftest -g -O2   conftest.c -lresolv  -lnsl  >&5
configure:7110: $? = 0
configure:7113: test -s conftest
configure:7116: $? = 0
configure:7127: result: yes
configure:7139: checking for main in -lsocket
configure:7159: gcc -o conftest -g -O2   conftest.c -lsocket  -lresolv -lnsl  >&5
/usr/bin/ld: cannot find -lsocket
collect2: ld returned 1 exit status
configure:7162: $? = 1
configure: failed program was:
#line 7147 "configure"
#include "confdefs.h"

int
main ()
{
main ();
  ;
  return 0;
}
configure:7179: result: no
configure:7191: checking for main in -ldnet_stub
configure:7211: gcc -o conftest -g -O2   conftest.c -ldnet_stub  -lresolv -lnsl  >&5
/usr/bin/ld: cannot find -ldnet_stub
collect2: ld returned 1 exit status
configure:7214: $? = 1
configure: failed program was:
#line 7199 "configure"
#include "confdefs.h"

int
main ()
{
main ();
  ;
  return 0;
}
configure:7231: result: no
configure:7243: checking for main in -lieee
configure:7263: gcc -o conftest -g -O2   conftest.c -lieee  -lresolv -lnsl  >&5
configure:7266: $? = 0
configure:7269: test -s conftest
configure:7272: $? = 0
configure:7283: result: yes
configure:7295: checking for main in -lpthread
configure:7315: gcc -o conftest -g -O2   conftest.c -lpthread  -lieee -lresolv -lnsl  >&5
configure:7318: $? = 0
configure:7321: test -s conftest
configure:7324: $? = 0
configure:7335: result: yes
configure:7348: checking for ANSI C header files
configure:7362: gcc -E  conftest.c
configure:7368: $? = 0
configure:7455: gcc -o conftest -g -O2   conftest.c -lieee -lresolv -lnsl  >&5
configure: In function 'main':
configure:7447: warning: incompatible implicit declaration of built-in function 'exit'
configure:7458: $? = 0
configure:7460: ./conftest
configure:7463: $? = 0
configure:7476: result: yes
configure:7492: checking for sys/types.h
configure:7504: gcc -c -g -O2  conftest.c >&5
configure:7507: $? = 0
configure:7510: test -s conftest.o
configure:7513: $? = 0
configure:7523: result: yes
configure:7492: checking for sys/stat.h
configure:7504: gcc -c -g -O2  conftest.c >&5
configure:7507: $? = 0
configure:7510: test -s conftest.o
configure:7513: $? = 0
configure:7523: result: yes
configure:7492: checking for stdlib.h
configure:7504: gcc -c -g -O2  conftest.c >&5
configure:7507: $? = 0
configure:7510: test -s conftest.o
configure:7513: $? = 0
configure:7523: result: yes
configure:7492: checking for string.h
configure:7504: gcc -c -g -O2  conftest.c >&5
configure:7507: $? = 0
configure:7510: test -s conftest.o
configure:7513: $? = 0
configure:7523: result: yes
configure:7492: checking for memory.h
configure:7504: gcc -c -g -O2  conftest.c >&5
configure:7507: $? = 0
configure:7510: test -s conftest.o
configure:7513: $? = 0
configure:7523: result: yes
configure:7492: checking for strings.h
configure:7504: gcc -c -g -O2  conftest.c >&5
configure:7507: $? = 0
configure:7510: test -s conftest.o
configure:7513: $? = 0
configure:7523: result: yes
configure:7492: checking for inttypes.h
configure:7504: gcc -c -g -O2  conftest.c >&5
configure:7507: $? = 0
configure:7510: test -s conftest.o
configure:7513: $? = 0
configure:7523: result: yes
configure:7492: checking for stdint.h
configure:7504: gcc -c -g -O2  conftest.c >&5
configure:7507: $? = 0
configure:7510: test -s conftest.o
configure:7513: $? = 0
configure:7523: result: yes
configure:7492: checking for unistd.h
configure:7504: gcc -c -g -O2  conftest.c >&5
configure:7507: $? = 0
configure:7510: test -s conftest.o
configure:7513: $? = 0
configure:7523: result: yes
configure:7533: checking for gcc option to accept ANSI C
configure:7590: gcc  -c -g -O2  conftest.c >&5
configure:7593: $? = 0
configure:7596: test -s conftest.o
configure:7599: $? = 0
configure:7616: result: none needed
configure:7624: checking for ssize_t
configure:7645: gcc -c -g -O2  conftest.c >&5
configure:7648: $? = 0
configure:7651: test -s conftest.o
configure:7654: $? = 0
configure:7664: result: yes
configure:7676: checking for sun_len in sys/un.h
configure:7694: result: no
configure:7699: checking for fpos_t in stdio.h
configure:7709: result: yes
configure:7725: checking for sys/socket.h
configure:7735: gcc -E  conftest.c
configure:7741: $? = 0
configure:7760: result: yes
configure:7725: checking for netdb.h
configure:7735: gcc -E  conftest.c
configure:7741: $? = 0
configure:7760: result: yes
configure:7725: checking for netinet/in.h
configure:7735: gcc -E  conftest.c
configure:7741: $? = 0
configure:7760: result: yes
configure:7725: checking for arpa/inet.h
configure:7735: gcc -E  conftest.c
configure:7741: $? = 0
configure:7760: result: yes
configure:7773: checking for sys/time.h
configure:7783: gcc -E  conftest.c
configure:7789: $? = 0
configure:7808: result: yes
configure:7773: checking for limits.h
configure:7783: gcc -E  conftest.c
configure:7789: $? = 0
configure:7808: result: yes
configure:7773: checking for sys/param.h
configure:7783: gcc -E  conftest.c
configure:7789: $? = 0
configure:7808: result: yes
configure:7773: checking for unistd.h
configure:7808: result: yes
configure:7818: checking for a fileno() prototype in stdio.h
configure:7828: result: yes
configure:7870: checking whether cross-process locking is required by accept()
configure:7883: result: no
configure:7892: checking whether va_arg(arg, long double) crashes the compiler
configure:7907: gcc -c -g -O2  conftest.c >&5
configure:7910: $? = 0
configure:7913: test -s conftest.o
configure:7916: $? = 0
configure:7918: result: no
configure:7933: checking for an ANSI C-conforming const
configure:7997: gcc -c -g -O2  conftest.c >&5
configure:8000: $? = 0
configure:8003: test -s conftest.o
configure:8006: $? = 0
configure:8016: result: yes
configure:8029: checking for strerror
configure:8066: gcc -o conftest -g -O2   conftest.c -lieee -lresolv -lnsl  >&5
configure:8069: $? = 0
configure:8072: test -s conftest
configure:8075: $? = 0
configure:8085: result: yes
configure:8097: checking for inline
configure:8114: gcc -c -g -O2  conftest.c >&5
configure:8117: $? = 0
configure:8120: test -s conftest.o
configure:8123: $? = 0
configure:8134: result: inline
configure:8242: creating ./config.status

## ----------------------- ##
## Running config.status.  ##
## ----------------------- ##

This file was extended by config.status 2.52, executed with
  CONFIG_FILES    = 
  CONFIG_HEADERS  = 
  CONFIG_LINKS    = 
  CONFIG_COMMANDS = 
  > ./config.status 
on box991.bluehost.com

config.status:8740: creating Makefile
config.status:8740: creating cgi-fcgi/Makefile
config.status:8740: creating include/Makefile
config.status:8740: creating libfcgi/Makefile
config.status:8740: creating examples/Makefile
config.status:8832: creating fcgi_config.h

## ----------------- ##
## Cache variables.  ##
## ----------------- ##

ac_cv_build=x86_64-unknown-linux-gnu
ac_cv_build_alias=x86_64-unknown-linux-gnu
ac_cv_c_compiler_gnu=yes
ac_cv_c_const=yes
ac_cv_c_inline=inline
ac_cv_cxx_compiler_gnu=yes
ac_cv_env_CC_set=
ac_cv_env_CC_value=
ac_cv_env_CFLAGS_set=
ac_cv_env_CFLAGS_value=
ac_cv_env_CPPFLAGS_set=
ac_cv_env_CPPFLAGS_value=
ac_cv_env_CPP_set=
ac_cv_env_CPP_value=
ac_cv_env_CXXFLAGS_set=
ac_cv_env_CXXFLAGS_value=
ac_cv_env_CXX_set=
ac_cv_env_CXX_value=
ac_cv_env_LDFLAGS_set=
ac_cv_env_LDFLAGS_value=
ac_cv_env_build_alias_set=
ac_cv_env_build_alias_value=
ac_cv_env_host_alias_set=
ac_cv_env_host_alias_value=
ac_cv_env_target_alias_set=
ac_cv_env_target_alias_value=
ac_cv_func_strerror=yes
ac_cv_header_arpa_inet_h=yes
ac_cv_header_dlfcn_h=yes
ac_cv_header_inttypes_h=yes
ac_cv_header_limits_h=yes
ac_cv_header_memory_h=yes
ac_cv_header_netdb_h=yes
ac_cv_header_netinet_in_h=yes
ac_cv_header_stdc=yes
ac_cv_header_stdint_h=yes
ac_cv_header_stdlib_h=yes
ac_cv_header_string_h=yes
ac_cv_header_strings_h=yes
ac_cv_header_sys_param_h=yes
ac_cv_header_sys_socket_h=yes
ac_cv_header_sys_stat_h=yes
ac_cv_header_sys_time_h=yes
ac_cv_header_sys_types_h=yes
ac_cv_header_unistd_h=yes
ac_cv_host=x86_64-unknown-linux-gnu
ac_cv_host_alias=x86_64-unknown-linux-gnu
ac_cv_lib_dnet_stub=ac_cv_lib_dnet_stub_main
ac_cv_lib_dnet_stub_main=no
ac_cv_lib_ieee=ac_cv_lib_ieee_main
ac_cv_lib_ieee_main=yes
ac_cv_lib_nsl=ac_cv_lib_nsl_main
ac_cv_lib_nsl_main=yes
ac_cv_lib_pthread=ac_cv_lib_pthread_main
ac_cv_lib_pthread_main=yes
ac_cv_lib_resolv=ac_cv_lib_resolv_main
ac_cv_lib_resolv_main=yes
ac_cv_lib_socket=ac_cv_lib_socket_main
ac_cv_lib_socket_main=no
ac_cv_objext=o
ac_cv_path_install='/usr/bin/install -c'
ac_cv_prog_AWK=gawk
ac_cv_prog_CPP='gcc -E'
ac_cv_prog_ac_ct_CC=gcc
ac_cv_prog_ac_ct_CXX=g++
ac_cv_prog_ac_ct_RANLIB=ranlib
ac_cv_prog_ac_ct_STRIP=strip
ac_cv_prog_cc_g=yes
ac_cv_prog_cc_stdc=
ac_cv_prog_cxx_g=yes
ac_cv_prog_make_make_set=yes
ac_cv_type_ssize_t=yes
am_cv_CC_dependencies_compiler_type=gcc3
am_cv_CXX_dependencies_compiler_type=gcc3
lt_cv_archive_cmds_need_lc=no
lt_cv_compiler_c_o=yes
lt_cv_compiler_o_lo=yes
lt_cv_deplibs_check_method='file_magic ELF [0-9][0-9]*-bit [LM]SB (shared object|dynamic lib )'
lt_cv_file_magic_cmd='$MAGIC_CMD'
lt_cv_file_magic_test_file='/lib/libc.so /lib/libc.so.6 /lib/libc-2.12.so'
lt_cv_global_symbol_to_c_name_address='sed -n -e '\''s/^: \([^ ]*\) $/  {\"\1\", (lt_ptr) 0},/p'\'' -e '\''s/^[BCDEGRST] \([^ ]*\) \([^ ]*\)$/  {"\2", (lt_ptr) \&\2},/p'\'''
lt_cv_global_symbol_to_cdecl='sed -n -e '\''s/^. .* \(.*\)$/extern char \1;/p'\'''
lt_cv_ld_reload_flag=-r
lt_cv_path_LD=/usr/bin/ld
lt_cv_path_MAGIC_CMD=/usr/bin/file
lt_cv_path_NM='/usr/bin/nm -B'
lt_cv_prog_cc_can_build_shared=yes
lt_cv_prog_cc_no_builtin=
lt_cv_prog_cc_pic=' -fPIC'
lt_cv_prog_cc_pic_works=yes
lt_cv_prog_cc_shlib=
lt_cv_prog_cc_static=-static
lt_cv_prog_cc_static_works=yes
lt_cv_prog_cc_wl=-Wl,
lt_cv_prog_gnu_ld=yes
lt_cv_sys_global_symbol_pipe='sed -n -e '\''s/^.*[ 	]\([ABCDGISTW][ABCDGISTW]*\)[ 	][ 	]*\(\)\([_A-Za-z][_A-Za-z0-9]*\)$/\1 \2\3 \3/p'\'''
lt_cv_sys_path_separator=:

## ------------ ##
## confdefs.h.  ##
## ------------ ##

#define PACKAGE "fcgi"
#define VERSION "2.2.2"
#define HAVE_DLFCN_H 1
#ifdef __cplusplus
#include <stdlib.h>
#endif
#define HAVE_LIBNSL 1
#define HAVE_LIBRESOLV 1
#define HAVE_LIBIEEE 1
#define HAVE_LIBPTHREAD 1
#define STDC_HEADERS 1
#define HAVE_SYS_TYPES_H 1
#define HAVE_SYS_STAT_H 1
#define HAVE_STDLIB_H 1
#define HAVE_STRING_H 1
#define HAVE_MEMORY_H 1
#define HAVE_STRINGS_H 1
#define HAVE_INTTYPES_H 1
#define HAVE_STDINT_H 1
#define HAVE_UNISTD_H 1
#define HAVE_FPOS 1
#define HAVE_SYS_SOCKET_H 1
#define HAVE_NETDB_H 1
#define HAVE_NETINET_IN_H 1
#define HAVE_ARPA_INET_H 1
#define HAVE_SYS_TIME_H 1
#define HAVE_LIMITS_H 1
#define HAVE_SYS_PARAM_H 1
#define HAVE_UNISTD_H 1
#define HAVE_FILENO_PROTO 1
#define HAVE_STRERROR 1


configure: exit 0

## ----------------------- ##
## Running config.status.  ##
## ----------------------- ##

This file was extended by config.status 2.52, executed with
  CONFIG_FILES    = 
  CONFIG_HEADERS  = fcgi_config.h
  CONFIG_LINKS    = 
  CONFIG_COMMANDS = 
  > ./config.status 
on box991.bluehost.com

config.status:8832: creating fcgi_config.h
config.status:8973: fcgi_config.h is unchanged
